[debug] [2022-08-26T20:57:00.711Z] ----------------------------------------------------------------------
[debug] [2022-08-26T20:57:00.714Z] Command:       C:\Program Files\nodejs\node.exe C:\Users\MD MUKHTAR\AppData\Roaming\npm\node_modules\firebase-tools\lib\bin\firebase.js init hosting
[debug] [2022-08-26T20:57:00.715Z] CLI Version:   11.8.0
[debug] [2022-08-26T20:57:00.716Z] Platform:      win32
[debug] [2022-08-26T20:57:00.716Z] Node Version:  v16.13.1
[debug] [2022-08-26T20:57:00.717Z] Time:          Fri Aug 26 2022 15:57:00 GMT-0500 (Colombia Standard Time)
[debug] [2022-08-26T20:57:00.718Z] ----------------------------------------------------------------------
[debug] 
[debug] [2022-08-26T20:57:00.732Z] > command requires scopes: ["email","openid","https://www.googleapis.com/auth/cloudplatformprojects.readonly","https://www.googleapis.com/auth/firebase","https://www.googleapis.com/auth/cloud-platform"]
[debug] [2022-08-26T20:57:00.733Z] > authorizing via signed-in user (mdfais2995@gmail.com)
[info] 
     ######## #### ########  ######## ########     ###     ######  ########
     ##        ##  ##     ## ##       ##     ##  ##   ##  ##       ##
     ######    ##  ########  ######   ########  #########  ######  ######
     ##        ##  ##    ##  ##       ##     ## ##     ##       ## ##
     ##       #### ##     ## ######## ########  ##     ##  ######  ########

You're about to initialize a Firebase project in this directory:

  C:\Users\MD MUKHTAR\linkdin-clone

[info] 
=== Project Setup
[info] 
[info] First, let's associate this project directory with a Firebase project.
[info] You can create multiple project aliases by running firebase use --add, 
[info] but for now we'll just set up a default project.
[info] 
[debug] [2022-08-26T20:57:31.150Z] >>> [apiv2][query] GET https://firebase.googleapis.com/v1beta1/projects pageSize=100
[debug] [2022-08-26T20:57:32.091Z] <<< [apiv2][status] GET https://firebase.googleapis.com/v1beta1/projects 200
[debug] [2022-08-26T20:57:32.091Z] <<< [apiv2][body] GET https://firebase.googleapis.com/v1beta1/projects [omitted]
[info] i  Using project linkdin-clone-fac23 (Linkdin-clone) 
[info] 
=== Hosting Setup
[info] 
[info] Your public directory is the folder (relative to your project directory) that
[info] will contain Hosting assets to be uploaded with firebase deploy. If you
[info] have a build process for your assets, use your build's output directory.
[info] 
[debug] [2022-08-26T20:58:34.820Z] >>> [apiv2][query] GET https://www.gstatic.com/firebasejs/releases.json [none]
[debug] [2022-08-26T20:58:35.068Z] <<< [apiv2][status] GET https://www.gstatic.com/firebasejs/releases.json 200
[debug] [2022-08-26T20:58:35.069Z] <<< [apiv2][body] GET https://www.gstatic.com/firebasejs/releases.json {"current":{"version":"9.9.3","browserURL":"https://www.gstatic.com/firebasejs/9.9.3/firebase.js","packageURL":"https://www.gstatic.com/firebasejs/9.9.3/firebase.tgz"},"live":{"version":"9.9","browserURL":"https://www.gstatic.com/firebasejs/live/9.9/firebase.js","packageURL":"https://www.gstatic.com/firebasejs/live/9.9/firebase.tgz"},"components":{"analytics":"https://www.gstatic.com/firebasejs/9.9.3/firebase-analytics.js","app":"https://www.gstatic.com/firebasejs/9.9.3/firebase-app.js","app-check":"https://www.gstatic.com/firebasejs/9.9.3/firebase-app-check.js","auth":"https://www.gstatic.com/firebasejs/9.9.3/firebase-auth.js","auth/cordova":"https://www.gstatic.com/firebasejs/9.9.3/firebase-auth/cordova.js","auth/react-native":"https://www.gstatic.com/firebasejs/9.9.3/firebase-auth/react-native.js","functions":"https://www.gstatic.com/firebasejs/9.9.3/firebase-functions.js","firestore":"https://www.gstatic.com/firebasejs/9.9.3/firebase-firestore.js","firestore/lite":"https://www.gstatic.com/firebasejs/9.9.3/firebase-firestore/lite.js","installations":"https://www.gstatic.com/firebasejs/9.9.3/firebase-installations.js","storage":"https://www.gstatic.com/firebasejs/9.9.3/firebase-storage.js","performance":"https://www.gstatic.com/firebasejs/9.9.3/firebase-performance.js","remote-config":"https://www.gstatic.com/firebasejs/9.9.3/firebase-remote-config.js","messaging":"https://www.gstatic.com/firebasejs/9.9.3/firebase-messaging.js","messaging/sw":"https://www.gstatic.com/firebasejs/9.9.3/firebase-messaging/sw.js","database":"https://www.gstatic.com/firebasejs/9.9.3/firebase-database.js","firestore.memory":"https://www.gstatic.com/firebasejs/9.9.3/firebase-firestore.memory.js"}}
[info] +  Wrote y/index.html 
[info] 
[info] i  Detected a .git folder at C:\Users\MD MUKHTAR\linkdin-clone 
[info] i  Authorizing with GitHub to upload your service account to a GitHub repository's secrets store. 
[info] 
[info] Visit this URL on this device to log in:
[info] https://github.com/login/oauth/authorize?client_id=89cf50f02ac6aaed3484&state=81811966&redirect_uri=http%3A%2F%2Flocalhost%3A9005&scope=read%3Auser%20repo%20public_repo
[info] 
[info] Waiting for authentication...
[debug] [2022-08-26T20:58:59.699Z] >>> [apiv2][query] POST https://github.com/login/oauth/access_token [none]
[debug] [2022-08-26T20:58:59.699Z] >>> [apiv2][body] POST https://github.com/login/oauth/access_token [stream]
[debug] [2022-08-26T20:59:00.320Z] <<< [apiv2][status] POST https://github.com/login/oauth/access_token 200
[debug] [2022-08-26T20:59:00.320Z] <<< [apiv2][body] POST https://github.com/login/oauth/access_token {"access_token":"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","token_type":"bearer","scope":"read:user,repo"}
[debug] [2022-08-26T20:59:00.331Z] >>> [apiv2][query] GET https://api.github.com/user [none]
[debug] [2022-08-26T20:59:00.854Z] <<< [apiv2][status] GET https://api.github.com/user 200
[debug] [2022-08-26T20:59:00.854Z] <<< [apiv2][body] GET https://api.github.com/user {"login":"mdfaisalahmed057","id":83885209,"node_id":"MDQ6VXNlcjgzODg1MjA5","avatar_url":"https://avatars.githubusercontent.com/u/83885209?v=4","gravatar_id":"","url":"https://api.github.com/users/mdfaisalahmed057","html_url":"https://github.com/mdfaisalahmed057","followers_url":"https://api.github.com/users/mdfaisalahmed057/followers","following_url":"https://api.github.com/users/mdfaisalahmed057/following{/other_user}","gists_url":"https://api.github.com/users/mdfaisalahmed057/gists{/gist_id}","starred_url":"https://api.github.com/users/mdfaisalahmed057/starred{/owner}{/repo}","subscriptions_url":"https://api.github.com/users/mdfaisalahmed057/subscriptions","organizations_url":"https://api.github.com/users/mdfaisalahmed057/orgs","repos_url":"https://api.github.com/users/mdfaisalahmed057/repos","events_url":"https://api.github.com/users/mdfaisalahmed057/events{/privacy}","received_events_url":"https://api.github.com/users/mdfaisalahmed057/received_events","type":"User","site_admin":false,"name":null,"company":null,"blog":"","location":null,"email":null,"hireable":null,"bio":null,"twitter_username":null,"public_repos":7,"public_gists":0,"followers":2,"following":6,"created_at":"2021-05-08T20:16:59Z","updated_at":"2022-05-22T16:40:17Z","private_gists":0,"total_private_repos":8,"owned_private_repos":8,"disk_usage":17620,"collaborators":0,"two_factor_authentication":false,"plan":{"name":"free","space":976562499,"collaborators":0,"private_repos":10000}}
[info] 
[info] +  Success! Logged into GitHub as mdfaisalahmed057 
[info] 
[debug] [2022-08-26T20:59:19.622Z] >>> [apiv2][query] GET https://api.github.com/repos//actions/secrets/public-key type=owner
[debug] [2022-08-26T20:59:20.137Z] <<< [apiv2][status] GET https://api.github.com/repos//actions/secrets/public-key 404
[debug] [2022-08-26T20:59:20.138Z] <<< [apiv2][body] GET https://api.github.com/repos//actions/secrets/public-key {"message":"Not Found","documentation_url":"https://docs.github.com/rest"}
